<?xml version="1.0" encoding="UTF-8"?>
<testng-results skipped="0" failed="0" total="0" passed="0">
  <reporter-output>
  </reporter-output>
  <suite name="Driver.BaseTest" duration-ms="2" started-at="2020-09-17T08:06:10Z" finished-at="2020-09-17T08:06:10Z">
    <groups>
    </groups>
    <test name="Command line test" duration-ms="2" started-at="2020-09-17T08:06:10Z" finished-at="2020-09-17T08:06:10Z">
    </test> <!-- Command line test -->
  </suite> <!-- Driver.BaseTest -->
</testng-results>
